<?xml version="1.0" encoding="UTF-8"?>
<testng-results skipped="0" failed="0" ignored="0" total="1" passed="1">
  <reporter-output>
  </reporter-output>
  <suite name="Default suite" duration-ms="9231" started-at="2019-09-19T16:59:50Z" finished-at="2019-09-19T16:59:59Z">
    <groups>
    </groups>
    <test name="Default test" duration-ms="9231" started-at="2019-09-19T16:59:50Z" finished-at="2019-09-19T16:59:59Z">
      <class name="test.NSS_TodoTest">
        <test-method status="PASS" signature="UserShouldBeAbleToGoToSite()[pri:0, instance:test.NSS_TodoTest@51565ec2]" name="UserShouldBeAbleToGoToSite" duration-ms="9205" started-at="2019-09-19T16:59:50Z" finished-at="2019-09-19T16:59:59Z">
          <reporter-output>
          </reporter-output>
        </test-method> <!-- UserShouldBeAbleToGoToSite -->
      </class> <!-- test.NSS_TodoTest -->
    </test> <!-- Default test -->
  </suite> <!-- Default suite -->
</testng-results>
